<?xml version="1.0" encoding="UTF-8"?>
<!-- Generated by org.testng.reporters.JUnitReportReporter -->
<testsuite skipped="0" hostname="DESKTOP-GOGL76H" name="testPackage.TestClass" tests="1" failures="0" timestamp="23 Sep 2018 09:48:21 GMT" time="27.075" errors="0">
  <testcase name="Login" time="27.075" classname="testPackage.TestClass"/>
</testsuite> <!-- testPackage.TestClass -->
